2023-07-24 08:23:36,606 INFO o.a.j.u.JMeterUtils: Setting Locale to en_US
2023-07-24 08:23:36,632 INFO o.a.j.JMeter: Loading user properties from: user.properties
2023-07-24 08:23:36,633 INFO o.a.j.JMeter: Loading system properties from: system.properties
2023-07-24 08:23:36,633 INFO o.a.j.JMeter: Setting System property: sun.net.http.allowRestrictedHeaders=true
2023-07-24 08:23:36,641 INFO o.a.j.JMeter: Copyright (c) 1998-2023 The Apache Software Foundation
2023-07-24 08:23:36,641 INFO o.a.j.JMeter: Version 5.6.2
2023-07-24 08:23:36,642 INFO o.a.j.JMeter: java.version=11.0.19
2023-07-24 08:23:36,642 INFO o.a.j.JMeter: java.vm.name=Java HotSpot(TM) 64-Bit Server VM
2023-07-24 08:23:36,643 INFO o.a.j.JMeter: os.name=Windows 10
2023-07-24 08:23:36,643 INFO o.a.j.JMeter: os.arch=amd64
2023-07-24 08:23:36,643 INFO o.a.j.JMeter: os.version=10.0
2023-07-24 08:23:36,643 INFO o.a.j.JMeter: file.encoding=Cp1252
2023-07-24 08:23:36,643 INFO o.a.j.JMeter: java.awt.headless=true
2023-07-24 08:23:36,643 INFO o.a.j.JMeter: Max memory     =536870912
2023-07-24 08:23:36,643 INFO o.a.j.JMeter: Available Processors =8
2023-07-24 08:23:36,646 INFO o.a.j.JMeter: Default Locale=English (United States)
2023-07-24 08:23:36,646 INFO o.a.j.JMeter: JMeter  Locale=English (United States)
2023-07-24 08:23:36,646 INFO o.a.j.JMeter: JMeterHome=C:\Users\Sujeet_Yadav\jmeter-maven-jenkins-integration\target\57c418fb-e8ea-473d-9128-aa2eefc8b8f1\jmeter
2023-07-24 08:23:36,646 INFO o.a.j.JMeter: user.dir  =C:\Users\Sujeet_Yadav\jmeter-maven-jenkins-integration\target\57c418fb-e8ea-473d-9128-aa2eefc8b8f1\jmeter\bin
2023-07-24 08:23:36,646 INFO o.a.j.JMeter: PWD       =C:\Users\Sujeet_Yadav\jmeter-maven-jenkins-integration\target\57c418fb-e8ea-473d-9128-aa2eefc8b8f1\jmeter\bin
2023-07-24 08:23:36,646 INFO o.a.j.JMeter: IP: 192.168.0.107 Name: EPINPUNW0517 FullName: EPINPUNW0517
2023-07-24 08:23:36,662 INFO o.a.j.s.FileServer: Default base='C:\Users\Sujeet_Yadav\jmeter-maven-jenkins-integration\target\57c418fb-e8ea-473d-9128-aa2eefc8b8f1\jmeter\bin'
2023-07-24 08:23:36,662 INFO o.a.j.s.FileServer: Set new base='C:\Users\Sujeet_Yadav\jmeter-maven-jenkins-integration\target\jmeter\testFiles'
2023-07-24 08:23:36,853 INFO o.a.j.s.SaveService: Testplan (JMX) version: 2.2. Testlog (JTL) version: 2.2
2023-07-24 08:23:36,870 INFO o.a.j.s.SaveService: Using SaveService properties version 5.0
2023-07-24 08:23:36,870 INFO o.a.j.s.SaveService: Using SaveService properties file encoding UTF-8
2023-07-24 08:23:36,870 INFO o.a.j.s.SaveService: Loading file: C:\Users\Sujeet_Yadav\jmeter-maven-jenkins-integration\target\jmeter\testFiles\DemoScript.jmx
2023-07-24 08:23:36,944 INFO o.a.j.p.h.s.HTTPSamplerBase: Parser for text/html is org.apache.jmeter.protocol.http.parser.LagartoBasedHtmlParser
2023-07-24 08:23:36,944 INFO o.a.j.p.h.s.HTTPSamplerBase: Parser for application/xhtml+xml is org.apache.jmeter.protocol.http.parser.LagartoBasedHtmlParser
2023-07-24 08:23:36,944 INFO o.a.j.p.h.s.HTTPSamplerBase: Parser for application/xml is org.apache.jmeter.protocol.http.parser.LagartoBasedHtmlParser
2023-07-24 08:23:36,944 INFO o.a.j.p.h.s.HTTPSamplerBase: Parser for text/xml is org.apache.jmeter.protocol.http.parser.LagartoBasedHtmlParser
2023-07-24 08:23:36,944 INFO o.a.j.p.h.s.HTTPSamplerBase: Parser for text/vnd.wap.wml is org.apache.jmeter.protocol.http.parser.RegexpHTMLParser
2023-07-24 08:23:36,944 INFO o.a.j.p.h.s.HTTPSamplerBase: Parser for text/css is org.apache.jmeter.protocol.http.parser.CssParser
2023-07-24 08:23:36,977 INFO o.a.j.JMeter: Creating summariser <summary>
2023-07-24 08:23:36,988 INFO o.a.j.e.StandardJMeterEngine: Running the test!
2023-07-24 08:23:36,988 INFO o.a.j.s.SampleEvent: List of sample_variables: []
2023-07-24 08:23:36,988 INFO o.a.j.s.SampleEvent: List of sample_variables: []
2023-07-24 08:23:36,998 INFO o.a.j.e.u.CompoundVariable: Note: Function class names must contain the string: '.functions.'
2023-07-24 08:23:36,998 INFO o.a.j.e.u.CompoundVariable: Note: Function class names must not contain the string: '.gui.'
2023-07-24 08:23:37,325 INFO o.a.j.JMeter: Running test (1690167217325)
2023-07-24 08:23:37,348 INFO o.a.j.e.StandardJMeterEngine: Starting ThreadGroup: 1 : JMeterDemo
2023-07-24 08:23:37,348 INFO o.a.j.e.StandardJMeterEngine: Starting 10 threads for group JMeterDemo.
2023-07-24 08:23:37,348 INFO o.a.j.e.StandardJMeterEngine: Thread will continue on error
2023-07-24 08:23:37,348 INFO o.a.j.t.ThreadGroup: Starting thread group... number=1 threads=10 ramp-up=10 delayedStart=false
2023-07-24 08:23:37,366 INFO o.a.j.s.SampleResult: Note: Sample TimeStamps are START times
2023-07-24 08:23:37,368 INFO o.a.j.s.SampleResult: sampleresult.default.encoding is set to UTF-8
2023-07-24 08:23:37,368 INFO o.a.j.s.SampleResult: sampleresult.useNanoTime=true
2023-07-24 08:23:37,368 INFO o.a.j.s.SampleResult: sampleresult.nanoThreadSleep=5000
2023-07-24 08:23:37,369 INFO o.a.j.t.JMeterThread: Thread started: JMeterDemo 1-1
2023-07-24 08:23:37,369 INFO o.a.j.t.ThreadGroup: Started thread group number 1
2023-07-24 08:23:37,369 INFO o.a.j.e.StandardJMeterEngine: All thread groups have been started
2023-07-24 08:23:37,388 INFO o.a.j.p.h.s.HTTPHCAbstractImpl: Local host = EPINPUNW0517
2023-07-24 08:23:37,388 INFO o.a.j.p.h.s.HTTPHC4Impl: HTTP request retry count = 0
2023-07-24 08:23:37,558 INFO o.a.j.p.h.s.h.LazyLayeredConnectionSocketFactory: Setting up HTTPS TrustAll Socket Factory
2023-07-24 08:23:37,573 INFO o.a.j.u.JsseSSLManager: Using default SSL protocol: TLS
2023-07-24 08:23:37,574 INFO o.a.j.u.JsseSSLManager: SSL session context: per-thread
2023-07-24 08:23:37,768 INFO o.a.j.u.SSLManager: JmeterKeyStore Location:  type JKS
2023-07-24 08:23:37,768 INFO o.a.j.u.SSLManager: KeyStore created OK
2023-07-24 08:23:37,768 WARN o.a.j.u.SSLManager: Keystore file not found, loading empty keystore
2023-07-24 08:23:38,385 INFO o.a.j.t.JMeterThread: Thread started: JMeterDemo 1-2
2023-07-24 08:23:39,360 INFO o.a.j.t.JMeterThread: Thread started: JMeterDemo 1-3
2023-07-24 08:23:40,358 INFO o.a.j.t.JMeterThread: Thread started: JMeterDemo 1-4
2023-07-24 08:23:41,354 INFO o.a.j.t.JMeterThread: Thread started: JMeterDemo 1-5
2023-07-24 08:23:42,357 INFO o.a.j.t.JMeterThread: Thread started: JMeterDemo 1-6
2023-07-24 08:23:43,354 INFO o.a.j.t.JMeterThread: Thread started: JMeterDemo 1-7
2023-07-24 08:23:44,354 INFO o.a.j.t.JMeterThread: Thread started: JMeterDemo 1-8
2023-07-24 08:23:45,353 INFO o.a.j.t.JMeterThread: Thread started: JMeterDemo 1-9
2023-07-24 08:23:46,353 INFO o.a.j.t.JMeterThread: Thread started: JMeterDemo 1-10
2023-07-24 08:24:07,356 INFO o.a.j.t.JMeterThread: Stopping because end time detected by thread: JMeterDemo 1-2
2023-07-24 08:24:07,356 INFO o.a.j.t.JMeterThread: Thread finished: JMeterDemo 1-2
2023-07-24 08:24:07,369 INFO o.a.j.t.JMeterThread: Stopping because end time detected by thread: JMeterDemo 1-7
2023-07-24 08:24:07,369 INFO o.a.j.t.JMeterThread: Thread finished: JMeterDemo 1-7
2023-07-24 08:24:07,386 INFO o.a.j.t.JMeterThread: Stopping because end time detected by thread: JMeterDemo 1-5
2023-07-24 08:24:07,386 INFO o.a.j.t.JMeterThread: Thread finished: JMeterDemo 1-5
2023-07-24 08:24:07,410 INFO o.a.j.t.JMeterThread: Stopping because end time detected by thread: JMeterDemo 1-4
2023-07-24 08:24:07,411 INFO o.a.j.t.JMeterThread: Thread finished: JMeterDemo 1-4
2023-07-24 08:24:07,412 INFO o.a.j.t.JMeterThread: Stopping because end time detected by thread: JMeterDemo 1-9
2023-07-24 08:24:07,412 INFO o.a.j.t.JMeterThread: Thread finished: JMeterDemo 1-9
2023-07-24 08:24:07,428 INFO o.a.j.t.JMeterThread: Stopping because end time detected by thread: JMeterDemo 1-3
2023-07-24 08:24:07,428 INFO o.a.j.t.JMeterThread: Thread finished: JMeterDemo 1-3
2023-07-24 08:24:07,444 INFO o.a.j.t.JMeterThread: Stopping because end time detected by thread: JMeterDemo 1-1
2023-07-24 08:24:07,444 INFO o.a.j.t.JMeterThread: Thread finished: JMeterDemo 1-1
2023-07-24 08:24:07,444 INFO o.a.j.t.JMeterThread: Stopping because end time detected by thread: JMeterDemo 1-10
2023-07-24 08:24:07,444 INFO o.a.j.t.JMeterThread: Thread finished: JMeterDemo 1-10
2023-07-24 08:24:07,465 INFO o.a.j.t.JMeterThread: Stopping because end time detected by thread: JMeterDemo 1-8
2023-07-24 08:24:07,465 INFO o.a.j.t.JMeterThread: Thread finished: JMeterDemo 1-8
2023-07-24 08:24:07,488 INFO o.a.j.t.JMeterThread: Stopping because end time detected by thread: JMeterDemo 1-6
2023-07-24 08:24:07,493 INFO o.a.j.t.JMeterThread: Thread finished: JMeterDemo 1-6
2023-07-24 08:24:07,494 INFO o.a.j.e.StandardJMeterEngine: Notifying test listeners of end of test
2023-07-24 08:24:07,494 INFO o.a.j.r.Summariser: summary =     10 in 00:00:30 =    0.3/s Avg:   134 Min:   126 Max:   142 Err:     0 (0.00%)
